<?xml version="1.0" encoding="UTF-8"?>
<!-- Generated by org.testng.reporters.JUnitReportReporter -->
<testsuite skipped="0" hostname="MacX08.local" name="com.demo.test.TestGraphql" tests="1" failures="0" timestamp="02 四月 2020 05:40:26 GMT" time="0.420" errors="0">
  <testcase name="testcase1" time="0.420" classname="com.demo.test.TestGraphql"/>
</testsuite> <!-- com.demo.test.TestGraphql -->
